# JRE version: OpenJDK Runtime Environment (8.0_242-b01) (build 1.8.0_242-release-1644-b01)
# Java VM: OpenJDK 64-Bit Server VM (25.242-b01 mixed mode windows-amd64 compressed oops)
Heap:
 PSYoungGen      total 623616K, used 623349K [0x00000000d5580000, 0x0000000100000000, 0x0000000100000000)
  eden space 560128K, 100% used [0x00000000d5580000,0x00000000f7880000,0x00000000f7880000)
  from space 63488K, 99% used [0x00000000f7880000,0x00000000fb63d470,0x00000000fb680000)
  to   space 75264K, 56% used [0x00000000fb680000,0x00000000fe0152f0,0x0000000100000000)
 ParOldGen       total 602112K, used 254854K [0x0000000080000000, 0x00000000a4c00000, 0x00000000d5580000)
  object space 602112K, 42% used [0x0000000080000000,0x000000008f8e18f0,0x00000000a4c00000)
 Metaspace       used 261852K, capacity 278006K, committed 278144K, reserved 1290240K
  class space    used 34209K, capacity 37381K, committed 37504K, reserved 1048576K
GC Heap History (10 events):
Event: 2188.097 GC heap after
Heap after GC invocations=79 (full 6):
 PSYoungGen      total 622592K, used 49385K [0x00000000d5580000, 0x0000000100000000, 0x0000000100000000)
  eden space 556032K, 0% used [0x00000000d5580000,0x00000000d5580000,0x00000000f7480000)
  from space 66560K, 74% used [0x00000000f7480000,0x00000000fa4ba4c8,0x00000000fb580000)
  to   space 72704K, 0% used [0x00000000fb900000,0x00000000fb900000,0x0000000100000000)
 ParOldGen       total 602112K, used 227026K [0x0000000080000000, 0x00000000a4c00000, 0x00000000d5580000)
  object space 602112K, 37% used [0x0000000080000000,0x000000008ddb48c8,0x00000000a4c00000)
 Metaspace       used 184213K, capacity 196528K, committed 197504K, reserved 1220608K
  class space    used 23924K, capacity 26257K, committed 26496K, reserved 1048576K
}
Event: 2491.253 GC heap before
{Heap before GC invocations=80 (full 6):
 PSYoungGen      total 622592K, used 605417K [0x00000000d5580000, 0x0000000100000000, 0x0000000100000000)
  eden space 556032K, 100% used [0x00000000d5580000,0x00000000f7480000,0x00000000f7480000)
  from space 66560K, 74% used [0x00000000f7480000,0x00000000fa4ba4c8,0x00000000fb580000)
  to   space 72704K, 0% used [0x00000000fb900000,0x00000000fb900000,0x0000000100000000)
 ParOldGen       total 602112K, used 227026K [0x0000000080000000, 0x00000000a4c00000, 0x00000000d5580000)
  object space 602112K, 37% used [0x0000000080000000,0x000000008ddb48c8,0x00000000a4c00000)
 Metaspace       used 188710K, capacity 201648K, committed 201856K, reserved 1224704K
  class space    used 24463K, capacity 26924K, committed 27008K, reserved 1048576K
Event: 2491.272 GC heap after
Heap after GC invocations=80 (full 6):
 PSYoungGen      total 628224K, used 17869K [0x00000000d5580000, 0x00000000ffe00000, 0x0000000100000000)
  eden space 557568K, 0% used [0x00000000d5580000,0x00000000d5580000,0x00000000f7600000)
  from space 70656K, 25% used [0x00000000fb900000,0x00000000fca737e0,0x00000000ffe00000)
  to   space 68608K, 0% used [0x00000000f7600000,0x00000000f7600000,0x00000000fb900000)
 ParOldGen       total 602112K, used 228937K [0x0000000080000000, 0x00000000a4c00000, 0x00000000d5580000)
  object space 602112K, 38% used [0x0000000080000000,0x000000008df92400,0x00000000a4c00000)
 Metaspace       used 188710K, capacity 201648K, committed 201856K, reserved 1224704K
  class space    used 24463K, capacity 26924K, committed 27008K, reserved 1048576K
}
Event: 2497.499 GC heap before
{Heap before GC invocations=81 (full 6):
 PSYoungGen      total 628224K, used 575437K [0x00000000d5580000, 0x00000000ffe00000, 0x0000000100000000)
  eden space 557568K, 100% used [0x00000000d5580000,0x00000000f7600000,0x00000000f7600000)
  from space 70656K, 25% used [0x00000000fb900000,0x00000000fca737e0,0x00000000ffe00000)
  to   space 68608K, 0% used [0x00000000f7600000,0x00000000f7600000,0x00000000fb900000)
 ParOldGen       total 602112K, used 228937K [0x0000000080000000, 0x00000000a4c00000, 0x00000000d5580000)
  object space 602112K, 38% used [0x0000000080000000,0x000000008df92400,0x00000000a4c00000)
 Metaspace       used 206678K, capacity 220260K, committed 220416K, reserved 1241088K
  class space    used 26982K, capacity 29587K, committed 29696K, reserved 1048576K
Event: 2497.535 GC heap after
Heap after GC invocations=81 (full 6):
 PSYoungGen      total 626176K, used 37065K [0x00000000d5580000, 0x0000000100000000, 0x0000000100000000)
  eden space 557568K, 0% used [0x00000000d5580000,0x00000000d5580000,0x00000000f7600000)
  from space 68608K, 54% used [0x00000000f7600000,0x00000000f9a32630,0x00000000fb900000)
  to   space 69632K, 0% used [0x00000000fbc00000,0x00000000fbc00000,0x0000000100000000)
 ParOldGen       total 602112K, used 234240K [0x0000000080000000, 0x00000000a4c00000, 0x00000000d5580000)
  object space 602112K, 38% used [0x0000000080000000,0x000000008e4c02d8,0x00000000a4c00000)
 Metaspace       used 206678K, capacity 220260K, committed 220416K, reserved 1241088K
  class space    used 26982K, capacity 29587K, committed 29696K, reserved 1048576K
}
Event: 2692.012 GC heap before
{Heap before GC invocations=82 (full 6):
 PSYoungGen      total 626176K, used 594633K [0x00000000d5580000, 0x0000000100000000, 0x0000000100000000)
  eden space 557568K, 100% used [0x00000000d5580000,0x00000000f7600000,0x00000000f7600000)
  from space 68608K, 54% used [0x00000000f7600000,0x00000000f9a32630,0x00000000fb900000)
  to   space 69632K, 0% used [0x00000000fbc00000,0x00000000fbc00000,0x0000000100000000)
 ParOldGen       total 602112K, used 234240K [0x0000000080000000, 0x00000000a4c00000, 0x00000000d5580000)
  object space 602112K, 38% used [0x0000000080000000,0x000000008e4c02d8,0x00000000a4c00000)
 Metaspace       used 213852K, capacity 227930K, committed 228224K, reserved 1247232K
  class space    used 27792K, capacity 30499K, committed 30592K, reserved 1048576K
Event: 2692.054 GC heap after
Heap after GC invocations=82 (full 6):
 PSYoungGen      total 629760K, used 34539K [0x00000000d5580000, 0x0000000100000000, 0x0000000100000000)
  eden space 560128K, 0% used [0x00000000d5580000,0x00000000d5580000,0x00000000f7880000)
  from space 69632K, 49% used [0x00000000fbc00000,0x00000000fddbad80,0x0000000100000000)
  to   space 69120K, 0% used [0x00000000f7880000,0x00000000f7880000,0x00000000fbc00000)
 ParOldGen       total 602112K, used 254838K [0x0000000080000000, 0x00000000a4c00000, 0x00000000d5580000)
  object space 602112K, 42% used [0x0000000080000000,0x000000008f8dd8c8,0x00000000a4c00000)
 Metaspace       used 213852K, capacity 227930K, committed 228224K, reserved 1247232K
  class space    used 27792K, capacity 30499K, committed 30592K, reserved 1048576K
}
Event: 2770.637 GC heap before
{Heap before GC invocations=83 (full 6):
 PSYoungGen      total 629760K, used 594667K [0x00000000d5580000, 0x0000000100000000, 0x0000000100000000)
  eden space 560128K, 100% used [0x00000000d5580000,0x00000000f7880000,0x00000000f7880000)
  from space 69632K, 49% used [0x00000000fbc00000,0x00000000fddbad80,0x0000000100000000)
  to   space 69120K, 0% used [0x00000000f7880000,0x00000000f7880000,0x00000000fbc00000)
 ParOldGen       total 602112K, used 254838K [0x0000000080000000, 0x00000000a4c00000, 0x00000000d5580000)
  object space 602112K, 42% used [0x0000000080000000,0x000000008f8dd8c8,0x00000000a4c00000)
 Metaspace       used 249164K, capacity 264676K, committed 264832K, reserved 1277952K
  class space    used 32648K, capacity 35684K, committed 35712K, reserved 1048576K
Event: 2770.668 GC heap after
Heap after GC invocations=83 (full 6):
 PSYoungGen      total 623616K, used 63221K [0x00000000d5580000, 0x0000000100000000, 0x0000000100000000)
  eden space 560128K, 0% used [0x00000000d5580000,0x00000000d5580000,0x00000000f7880000)
  from space 63488K, 99% used [0x00000000f7880000,0x00000000fb63d470,0x00000000fb680000)
  to   space 75264K, 0% used [0x00000000fb680000,0x00000000fb680000,0x0000000100000000)
 ParOldGen       total 602112K, used 254846K [0x0000000080000000, 0x00000000a4c00000, 0x00000000d5580000)
  object space 602112K, 42% used [0x0000000080000000,0x000000008f8df8c8,0x00000000a4c00000)
 Metaspace       used 249164K, capacity 264676K, committed 264832K, reserved 1277952K
  class space    used 32648K, capacity 35684K, committed 35712K, reserved 1048576K
}
Event: 2905.490 GC heap before
{Heap before GC invocations=84 (full 6):
 PSYoungGen      total 623616K, used 623349K [0x00000000d5580000, 0x0000000100000000, 0x0000000100000000)
  eden space 560128K, 100% used [0x00000000d5580000,0x00000000f7880000,0x00000000f7880000)
  from space 63488K, 99% used [0x00000000f7880000,0x00000000fb63d470,0x00000000fb680000)
  to   space 75264K, 0% used [0x00000000fb680000,0x00000000fb680000,0x0000000100000000)
 ParOldGen       total 602112K, used 254846K [0x0000000080000000, 0x00000000a4c00000, 0x00000000d5580000)
  object space 602112K, 42% used [0x0000000080000000,0x000000008f8df8f0,0x00000000a4c00000)
 Metaspace       used 261852K, capacity 278006K, committed 278144K, reserved 1290240K
  class space    used 34209K, capacity 37381K, committed 37504K, reserved 1048576K

